running develop
running egg_info
creating lm_controller.egg-info
writing lm_controller.egg-info/PKG-INFO
writing dependency_links to lm_controller.egg-info/dependency_links.txt
writing entry points to lm_controller.egg-info/entry_points.txt
writing requirements to lm_controller.egg-info/requires.txt
writing top-level names to lm_controller.egg-info/top_level.txt
writing manifest file 'lm_controller.egg-info/SOURCES.txt'
reading manifest file 'lm_controller.egg-info/SOURCES.txt'
writing manifest file 'lm_controller.egg-info/SOURCES.txt'
running build_ext
Creating /workspace/src/ros2_ws/install/lm_controller/lib/python3.10/site-packages/lm-controller.egg-link (link to .)
Installing xarm_interface_node script to /workspace/src/ros2_ws/install/lm_controller/lib/lm_controller

Installed /workspace/src/ros2_ws/build/lm_controller
running symlink_data
creating /workspace/src/ros2_ws/install/lm_controller/share/ament_index
creating /workspace/src/ros2_ws/install/lm_controller/share/ament_index/resource_index
creating /workspace/src/ros2_ws/install/lm_controller/share/ament_index/resource_index/packages
symbolically linking /workspace/src/ros2_ws/build/lm_controller/resource/lm_controller -> /workspace/src/ros2_ws/install/lm_controller/share/ament_index/resource_index/packages
symbolically linking /workspace/src/ros2_ws/build/lm_controller/package.xml -> /workspace/src/ros2_ws/install/lm_controller/share/lm_controller
creating /workspace/src/ros2_ws/install/lm_controller/share/lm_controller/launch
symbolically linking /workspace/src/ros2_ws/build/lm_controller/launch/controller.launch.py -> /workspace/src/ros2_ws/install/lm_controller/share/lm_controller/launch
creating /workspace/src/ros2_ws/install/lm_controller/share/lm_controller/lite6_urdf
