running develop
running egg_info
writing lm_controller.egg-info/PKG-INFO
writing dependency_links to lm_controller.egg-info/dependency_links.txt
writing entry points to lm_controller.egg-info/entry_points.txt
writing requirements to lm_controller.egg-info/requires.txt
writing top-level names to lm_controller.egg-info/top_level.txt
reading manifest file 'lm_controller.egg-info/SOURCES.txt'
writing manifest file 'lm_controller.egg-info/SOURCES.txt'
running build_ext
Creating /workspace/src/ros2_ws/install/lm_controller/lib/python3.10/site-packages/lm-controller.egg-link (link to .)
Installing xarm_interface_node script to /workspace/src/ros2_ws/install/lm_controller/lib/lm_controller

Installed /workspace/src/ros2_ws/build/lm_controller
running symlink_data
symbolically linking /workspace/src/ros2_ws/build/lm_controller/lite6_urdf/lite6.urdf -> /workspace/src/ros2_ws/install/lm_controller/share/lm_controller/lite6_urdf
symbolically linking /workspace/src/ros2_ws/build/lm_controller/lite6_urdf/README.md -> /workspace/src/ros2_ws/install/lm_controller/share/lm_controller/lite6_urdf
symbolically linking /workspace/src/ros2_ws/build/lm_controller/lite6_urdf/LICENSE -> /workspace/src/ros2_ws/install/lm_controller/share/lm_controller/lite6_urdf
creating /workspace/src/ros2_ws/install/lm_controller/share/lm_controller/lite6_urdf/visual
symbolically linking /workspace/src/ros2_ws/build/lm_controller/lite6_urdf/visual/link4.stl -> /workspace/src/ros2_ws/install/lm_controller/share/lm_controller/lite6_urdf/visual
symbolically linking /workspace/src/ros2_ws/build/lm_controller/lite6_urdf/visual/base.stl -> /workspace/src/ros2_ws/install/lm_controller/share/lm_controller/lite6_urdf/visual
symbolically linking /workspace/src/ros2_ws/build/lm_controller/lite6_urdf/visual/link2.stl -> /workspace/src/ros2_ws/install/lm_controller/share/lm_controller/lite6_urdf/visual
symbolically linking /workspace/src/ros2_ws/build/lm_controller/lite6_urdf/visual/link3.stl -> /workspace/src/ros2_ws/install/lm_controller/share/lm_controller/lite6_urdf/visual
symbolically linking /workspace/src/ros2_ws/build/lm_controller/lite6_urdf/visual/link6.stl -> /workspace/src/ros2_ws/install/lm_controller/share/lm_controller/lite6_urdf/visual
symbolically linking /workspace/src/ros2_ws/build/lm_controller/lite6_urdf/visual/gripper_lite.stl -> /workspace/src/ros2_ws/install/lm_controller/share/lm_controller/lite6_urdf/visual
symbolically linking /workspace/src/ros2_ws/build/lm_controller/lite6_urdf/visual/vacuum_gripper_lite.stl -> /workspace/src/ros2_ws/install/lm_controller/share/lm_controller/lite6_urdf/visual
symbolically linking /workspace/src/ros2_ws/build/lm_controller/lite6_urdf/visual/link5.stl -> /workspace/src/ros2_ws/install/lm_controller/share/lm_controller/lite6_urdf/visual
symbolically linking /workspace/src/ros2_ws/build/lm_controller/lite6_urdf/visual/link1.stl -> /workspace/src/ros2_ws/install/lm_controller/share/lm_controller/lite6_urdf/visual
